Flow report for LAB11_asyCounter
Wed May 30 01:07:40 2018
Quartus Prime Version 18.0.0 Build 614 04/24/2018 SJ Lite Edition


---------------------
; Table of Contents ;
---------------------
  1. Legal Notice
  2. Flow Summary
  3. Flow Settings
  4. Flow Non-Default Global Settings
  5. Flow Elapsed Time
  6. Flow OS Summary
  7. Flow Log
  8. Flow Messages
  9. Flow Suppressed Messages



----------------
; Legal Notice ;
----------------
Copyright (C) 2018  Intel Corporation. All rights reserved.
Your use of Intel Corporation's design tools, logic functions 
and other software and tools, and its AMPP partner logic 
functions, and any output files from any of the foregoing 
(including device programming or simulation files), and any 
associated documentation or information are expressly subject 
to the terms and conditions of the Intel Program License 
Subscription Agreement, the Intel Quartus Prime License Agreement,
the Intel FPGA IP License Agreement, or other applicable license
agreement, including, without limitation, that your use is for
the sole purpose of programming logic devices manufactured by
Intel and sold by Intel or its authorized distributors.  Please
refer to the applicable agreement for further details.



+-------------------------------------------------------------------------------+
; Flow Summary                                                                  ;
+---------------------------------+---------------------------------------------+
; Flow Status                     ; Successful - Wed May 30 01:07:40 2018       ;
; Quartus Prime Version           ; 18.0.0 Build 614 04/24/2018 SJ Lite Edition ;
; Revision Name                   ; LAB11_asyCounter                            ;
; Top-level Entity Name           ; Lab11                                       ;
; Family                          ; Cyclone V                                   ;
; Device                          ; 5CSEMA5F31C6                                ;
; Timing Models                   ; Final                                       ;
; Logic utilization (in ALMs)     ; 295 / 32,070 ( < 1 % )                      ;
; Total registers                 ; 515                                         ;
; Total pins                      ; 48 / 457 ( 11 % )                           ;
; Total virtual pins              ; 0                                           ;
; Total block memory bits         ; 512 / 4,065,280 ( < 1 % )                   ;
; Total DSP Blocks                ; 0 / 87 ( 0 % )                              ;
; Total HSSI RX PCSs              ; 0                                           ;
; Total HSSI PMA RX Deserializers ; 0                                           ;
; Total HSSI TX PCSs              ; 0                                           ;
; Total HSSI PMA TX Serializers   ; 0                                           ;
; Total PLLs                      ; 1 / 6 ( 17 % )                              ;
; Total DLLs                      ; 0 / 4 ( 0 % )                               ;
+---------------------------------+---------------------------------------------+


+-----------------------------------------+
; Flow Settings                           ;
+-------------------+---------------------+
; Option            ; Setting             ;
+-------------------+---------------------+
; Start date & time ; 05/30/2018 00:59:06 ;
; Main task         ; Compilation         ;
; Revision Name     ; LAB11_asyCounter    ;
+-------------------+---------------------+


+------------------------------------------------------------------------------------------------------------------------------------------------+
; Flow Non-Default Global Settings                                                                                                               ;
+-------------------------------------+------------------------------------------------------+------------------+-------------+------------------+
; Assignment Name                     ; Value                                                ; Default Value    ; Entity Name ; Section Id       ;
+-------------------------------------+------------------------------------------------------+------------------+-------------+------------------+
; COMPILER_SIGNATURE_ID               ; 58166070897213.152763834517656                       ; --               ; --          ; --               ;
; EDA_OUTPUT_DATA_FORMAT              ; Verilog Hdl                                          ; --               ; --          ; eda_simulation   ;
; EDA_SIMULATION_TOOL                 ; ModelSim-Altera (Verilog)                            ; <None>           ; --          ; --               ;
; ENABLE_SIGNALTAP                    ; On                                                   ; --               ; --          ; --               ;
; MAX_CORE_JUNCTION_TEMP              ; 85                                                   ; --               ; --          ; --               ;
; MIN_CORE_JUNCTION_TEMP              ; 0                                                    ; --               ; --          ; --               ;
; MISC_FILE                           ; myPLL.cmp                                            ; --               ; --          ; --               ;
; MISC_FILE                           ; myPLL_sim/myPLL.vo                                   ; --               ; --          ; --               ;
; PARTITION_COLOR                     ; -- (Not supported for targeted family)               ; --               ; Lab11       ; Top              ;
; PARTITION_FITTER_PRESERVATION_LEVEL ; -- (Not supported for targeted family)               ; --               ; Lab11       ; Top              ;
; PARTITION_NETLIST_TYPE              ; -- (Not supported for targeted family)               ; --               ; Lab11       ; Top              ;
; POWER_BOARD_THERMAL_MODEL           ; None (CONSERVATIVE)                                  ; --               ; --          ; --               ;
; POWER_PRESET_COOLING_SOLUTION       ; 23 MM HEAT SINK WITH 200 LFPM AIRFLOW                ; --               ; --          ; --               ;
; PROJECT_OUTPUT_DIRECTORY            ; output_files                                         ; --               ; --          ; --               ;
; SLD_FILE                            ; db/stp1_auto_stripped.stp                            ; --               ; --          ; --               ;
; SLD_NODE_CREATOR_ID                 ; 110                                                  ; --               ; --          ; auto_signaltap_0 ;
; SLD_NODE_ENTITY_NAME                ; sld_signaltap                                        ; --               ; --          ; auto_signaltap_0 ;
; SLD_NODE_PARAMETER_ASSIGNMENT       ; SLD_RAM_BLOCK_TYPE=AUTO                              ; --               ; --          ; auto_signaltap_0 ;
; SLD_NODE_PARAMETER_ASSIGNMENT       ; SLD_DATA_BITS=4                                      ; --               ; --          ; auto_signaltap_0 ;
; SLD_NODE_PARAMETER_ASSIGNMENT       ; SLD_TRIGGER_BITS=4                                   ; --               ; --          ; auto_signaltap_0 ;
; SLD_NODE_PARAMETER_ASSIGNMENT       ; SLD_STORAGE_QUALIFIER_BITS=4                         ; --               ; --          ; auto_signaltap_0 ;
; SLD_NODE_PARAMETER_ASSIGNMENT       ; SLD_NODE_INFO=805334528                              ; --               ; --          ; auto_signaltap_0 ;
; SLD_NODE_PARAMETER_ASSIGNMENT       ; SLD_POWER_UP_TRIGGER=0                               ; --               ; --          ; auto_signaltap_0 ;
; SLD_NODE_PARAMETER_ASSIGNMENT       ; SLD_INVERSION_MASK=000000000000000000000000000000000 ; --               ; --          ; auto_signaltap_0 ;
; SLD_NODE_PARAMETER_ASSIGNMENT       ; SLD_INVERSION_MASK_LENGTH=33                         ; --               ; --          ; auto_signaltap_0 ;
; SLD_NODE_PARAMETER_ASSIGNMENT       ; SLD_STORAGE_QUALIFIER_INVERSION_MASK_LENGTH=0        ; --               ; --          ; auto_signaltap_0 ;
; SLD_NODE_PARAMETER_ASSIGNMENT       ; SLD_SEGMENT_SIZE=128                                 ; --               ; --          ; auto_signaltap_0 ;
; SLD_NODE_PARAMETER_ASSIGNMENT       ; SLD_ATTRIBUTE_MEM_MODE=OFF                           ; --               ; --          ; auto_signaltap_0 ;
; SLD_NODE_PARAMETER_ASSIGNMENT       ; SLD_STATE_FLOW_USE_GENERATED=0                       ; --               ; --          ; auto_signaltap_0 ;
; SLD_NODE_PARAMETER_ASSIGNMENT       ; SLD_STATE_BITS=11                                    ; --               ; --          ; auto_signaltap_0 ;
; SLD_NODE_PARAMETER_ASSIGNMENT       ; SLD_BUFFER_FULL_STOP=1                               ; --               ; --          ; auto_signaltap_0 ;
; SLD_NODE_PARAMETER_ASSIGNMENT       ; SLD_CURRENT_RESOURCE_WIDTH=1                         ; --               ; --          ; auto_signaltap_0 ;
; SLD_NODE_PARAMETER_ASSIGNMENT       ; SLD_INCREMENTAL_ROUTING=1                            ; --               ; --          ; auto_signaltap_0 ;
; SLD_NODE_PARAMETER_ASSIGNMENT       ; SLD_TRIGGER_LEVEL=1                                  ; --               ; --          ; auto_signaltap_0 ;
; SLD_NODE_PARAMETER_ASSIGNMENT       ; SLD_SAMPLE_DEPTH=128                                 ; --               ; --          ; auto_signaltap_0 ;
; SLD_NODE_PARAMETER_ASSIGNMENT       ; SLD_TRIGGER_IN_ENABLED=0                             ; --               ; --          ; auto_signaltap_0 ;
; SLD_NODE_PARAMETER_ASSIGNMENT       ; SLD_ADVANCED_TRIGGER_ENTITY=basic,1,                 ; --               ; --          ; auto_signaltap_0 ;
; SLD_NODE_PARAMETER_ASSIGNMENT       ; SLD_TRIGGER_LEVEL_PIPELINE=1                         ; --               ; --          ; auto_signaltap_0 ;
; SLD_NODE_PARAMETER_ASSIGNMENT       ; SLD_ENABLE_ADVANCED_TRIGGER=0                        ; --               ; --          ; auto_signaltap_0 ;
; SLD_NODE_PARAMETER_ASSIGNMENT       ; SLD_TRIGGER_PIPELINE=0                               ; --               ; --          ; auto_signaltap_0 ;
; SLD_NODE_PARAMETER_ASSIGNMENT       ; SLD_RAM_PIPELINE=0                                   ; --               ; --          ; auto_signaltap_0 ;
; SLD_NODE_PARAMETER_ASSIGNMENT       ; SLD_COUNTER_PIPELINE=0                               ; --               ; --          ; auto_signaltap_0 ;
; SPD_FILE                            ; myPLL.spd                                            ; --               ; --          ; --               ;
; SYNTHESIS_ONLY_QIP                  ; On                                                   ; --               ; --          ; --               ;
; TOP_LEVEL_ENTITY                    ; Lab11                                                ; LAB11_asyCounter ; --          ; --               ;
; USE_SIGNALTAP_FILE                  ; output_files/stp1.stp                                ; --               ; --          ; --               ;
+-------------------------------------+------------------------------------------------------+------------------+-------------+------------------+


+--------------------------------------------------------------------------------------------------------------------------+
; Flow Elapsed Time                                                                                                        ;
+----------------------+--------------+-------------------------+---------------------+------------------------------------+
; Module Name          ; Elapsed Time ; Average Processors Used ; Peak Virtual Memory ; Total CPU Time (on all processors) ;
+----------------------+--------------+-------------------------+---------------------+------------------------------------+
; Analysis & Synthesis ; 00:02:24     ; 1.0                     ; 4923 MB             ; 00:03:31                           ;
; Fitter               ; 00:04:07     ; 1.0                     ; 6365 MB             ; 00:05:09                           ;
; Assembler            ; 00:00:34     ; 1.0                     ; 4871 MB             ; 00:00:32                           ;
; Timing Analyzer      ; 00:00:43     ; 1.2                     ; 5215 MB             ; 00:00:43                           ;
; EDA Netlist Writer   ; 00:00:19     ; 1.0                     ; 4879 MB             ; 00:00:18                           ;
; Total                ; 00:08:07     ; --                      ; --                  ; 00:10:13                           ;
+----------------------+--------------+-------------------------+---------------------+------------------------------------+


+------------------------------------------------------------------------------------+
; Flow OS Summary                                                                    ;
+----------------------+------------------+------------+------------+----------------+
; Module Name          ; Machine Hostname ; OS Name    ; OS Version ; Processor type ;
+----------------------+------------------+------------+------------+----------------+
; Analysis & Synthesis ; dell-pc          ; Windows 10 ; 10.0       ; x86_64         ;
; Fitter               ; dell-pc          ; Windows 10 ; 10.0       ; x86_64         ;
; Assembler            ; dell-pc          ; Windows 10 ; 10.0       ; x86_64         ;
; Timing Analyzer      ; dell-pc          ; Windows 10 ; 10.0       ; x86_64         ;
; EDA Netlist Writer   ; dell-pc          ; Windows 10 ; 10.0       ; x86_64         ;
+----------------------+------------------+------------+------------+----------------+


------------
; Flow Log ;
------------
quartus_map --read_settings_files=on --write_settings_files=off LAB11_asyCounter -c LAB11_asyCounter
quartus_fit --read_settings_files=off --write_settings_files=off LAB11_asyCounter -c LAB11_asyCounter
quartus_asm --read_settings_files=off --write_settings_files=off LAB11_asyCounter -c LAB11_asyCounter
quartus_sta LAB11_asyCounter -c LAB11_asyCounter
quartus_eda --read_settings_files=off --write_settings_files=off LAB11_asyCounter -c LAB11_asyCounter



